[ 2026-03-29 19:10:07,297 ] INFO - httpx - HTTP Request: GET https://dagshub.com/api/v1/user "HTTP/1.1 200 OK"
[ 2026-03-29 19:10:07,307 ] INFO - dagshub - Accessing as Shahbaz78669
[ 2026-03-29 19:10:08,487 ] INFO - httpx - HTTP Request: GET https://dagshub.com/api/v1/repos/Shahbaz78669/networksecurity "HTTP/1.1 200 OK"
[ 2026-03-29 19:10:09,563 ] INFO - httpx - HTTP Request: GET https://dagshub.com/api/v1/user "HTTP/1.1 200 OK"
[ 2026-03-29 19:10:09,563 ] INFO - dagshub - Initialized MLflow to track repo "Shahbaz78669/networksecurity"
[ 2026-03-29 19:10:09,563 ] INFO - dagshub - Repository Shahbaz78669/networksecurity initialized!
[ 2026-03-29 19:10:09,563 ] INFO - root - Initiate data Ingestion
[ 2026-03-29 19:10:36,663 ] INFO - root - Performing train test split on the dataframe
[ 2026-03-29 19:10:36,679 ] INFO - root - Exited split_data_as_train_test method of Data_ingestion class
[ 2026-03-29 19:10:36,679 ] INFO - root - Exporting train and test file path.
[ 2026-03-29 19:10:36,711 ] INFO - root - Data Initiation Completed
[ 2026-03-29 19:10:36,711 ] INFO - root - Initiate the data validation
[ 2026-03-29 19:10:36,748 ] INFO - root - Required number of columns: 1
[ 2026-03-29 19:10:36,748 ] INFO - root - Data frame has columns:32
[ 2026-03-29 19:10:36,748 ] INFO - root - Required number of columns: 1
[ 2026-03-29 19:10:36,748 ] INFO - root - Data frame has columns:32
[ 2026-03-29 19:10:36,846 ] INFO - root - data Validation COmpleted
[ 2026-03-29 19:10:36,863 ] INFO - root - Data transformation started
[ 2026-03-29 19:10:36,863 ] INFO - root - Entered initiate_data_transformation method of DataTransformation class
[ 2026-03-29 19:10:36,863 ] INFO - root - Starting data Transformation
[ 2026-03-29 19:10:36,881 ] INFO - root -  Entered get_data_transformer_object method of Transformation class
[ 2026-03-29 19:10:36,898 ] INFO - root - Entered the save_object method of mainutils class
[ 2026-03-29 19:10:36,898 ] INFO - root - Exited the save_object method of mainutils class 
[ 2026-03-29 19:10:36,898 ] INFO - root - Entered the save_object method of mainutils class
[ 2026-03-29 19:10:36,898 ] INFO - root - Exited the save_object method of mainutils class 
[ 2026-03-29 19:10:36,898 ] INFO - root - Data transformation completed
[ 2026-03-29 19:10:36,898 ] INFO - root - Model Trianer started
[ 2026-03-29 19:11:19,335 ] INFO - root - Entered the save_object method of mainutils class
[ 2026-03-29 19:11:19,344 ] INFO - root - Exited the save_object method of mainutils class 
[ 2026-03-29 19:11:19,344 ] INFO - root - Entered the save_object method of mainutils class
[ 2026-03-29 19:11:19,362 ] INFO - root - Exited the save_object method of mainutils class 
[ 2026-03-29 19:11:19,362 ] INFO - root - Model trainer artifact:ModelTrainerArtifact(trianed_model_file_path='Artifacts\\03_29_2026_19_10_04\\modle_trainer\\trained_model\\model.pkl', train_metric_artifact=ClassficationMetricArtifact(f1_score=0.9998990816429508, precision_score=0.9997981836528759, recall_score=1.0), test_metric_artifact=ClassficationMetricArtifact(f1_score=0.968944099378882, precision_score=0.9653465346534653, recall_score=0.972568578553616))
[ 2026-03-29 19:11:19,363 ] INFO - root - Model Training artifact created
