[ 2026-03-29 19:04:03,381 ] INFO - httpx - HTTP Request: GET https://dagshub.com/api/v1/user "HTTP/1.1 200 OK"
[ 2026-03-29 19:04:03,386 ] INFO - dagshub - Accessing as Shahbaz78669
[ 2026-03-29 19:04:04,966 ] INFO - httpx - HTTP Request: GET https://dagshub.com/api/v1/repos/Shahbaz78669/networksecurity "HTTP/1.1 200 OK"
[ 2026-03-29 19:04:05,898 ] INFO - httpx - HTTP Request: GET https://dagshub.com/api/v1/user "HTTP/1.1 200 OK"
[ 2026-03-29 19:04:05,898 ] INFO - dagshub - Initialized MLflow to track repo "Shahbaz78669/networksecurity"
[ 2026-03-29 19:04:05,898 ] INFO - dagshub - Repository Shahbaz78669/networksecurity initialized!
[ 2026-03-29 19:04:05,898 ] INFO - root - Initiate data Ingestion
[ 2026-03-29 19:04:21,445 ] INFO - root - Performing train test split on the dataframe
[ 2026-03-29 19:04:21,445 ] INFO - root - Exited split_data_as_train_test method of Data_ingestion class
[ 2026-03-29 19:04:21,445 ] INFO - root - Exporting train and test file path.
[ 2026-03-29 19:04:21,493 ] INFO - root - Data Initiation Completed
[ 2026-03-29 19:04:21,493 ] INFO - root - Initiate the data validation
[ 2026-03-29 19:04:21,515 ] INFO - root - Required number of columns: 1
[ 2026-03-29 19:04:21,515 ] INFO - root - Data frame has columns:32
[ 2026-03-29 19:04:21,515 ] INFO - root - Required number of columns: 1
[ 2026-03-29 19:04:21,515 ] INFO - root - Data frame has columns:32
[ 2026-03-29 19:04:21,628 ] INFO - root - data Validation COmpleted
[ 2026-03-29 19:04:21,628 ] INFO - root - Data transformation started
[ 2026-03-29 19:04:21,628 ] INFO - root - Entered initiate_data_transformation method of DataTransformation class
[ 2026-03-29 19:04:21,628 ] INFO - root - Starting data Transformation
[ 2026-03-29 19:04:21,655 ] INFO - root -  Entered get_data_transformer_object method of Transformation class
[ 2026-03-29 19:04:21,664 ] INFO - root - Entered the save_object method of mainutils class
[ 2026-03-29 19:04:21,664 ] INFO - root - Exited the save_object method of mainutils class 
[ 2026-03-29 19:04:21,664 ] INFO - root - Entered the save_object method of mainutils class
[ 2026-03-29 19:04:21,664 ] INFO - root - Exited the save_object method of mainutils class 
[ 2026-03-29 19:04:21,664 ] INFO - root - Data transformation completed
[ 2026-03-29 19:04:21,664 ] INFO - root - Model Trianer started
[ 2026-03-29 19:05:13,091 ] INFO - root - Entered the save_object method of mainutils class
[ 2026-03-29 19:05:13,152 ] INFO - root - Exited the save_object method of mainutils class 
[ 2026-03-29 19:05:13,152 ] INFO - root - Entered the save_object method of mainutils class
