[ 2026-04-03 16:32:00,089 ] INFO - httpx - HTTP Request: GET https://dagshub.com/api/v1/user "HTTP/1.1 200 OK"
[ 2026-04-03 16:32:00,094 ] INFO - dagshub - Accessing as Shahbaz78669
[ 2026-04-03 16:32:01,148 ] INFO - httpx - HTTP Request: GET https://dagshub.com/api/v1/repos/Shahbaz78669/networksecurity "HTTP/1.1 200 OK"
[ 2026-04-03 16:32:02,145 ] INFO - httpx - HTTP Request: GET https://dagshub.com/api/v1/user "HTTP/1.1 200 OK"
[ 2026-04-03 16:32:02,146 ] INFO - dagshub - Initialized MLflow to track repo "Shahbaz78669/networksecurity"
[ 2026-04-03 16:32:02,147 ] INFO - dagshub - Repository Shahbaz78669/networksecurity initialized!
[ 2026-04-03 16:33:24,691 ] INFO - root - Data Ingestion started
[ 2026-04-03 16:33:39,524 ] INFO - root - Performing train test split on the dataframe
[ 2026-04-03 16:33:39,527 ] INFO - root - Exited split_data_as_train_test method of Data_ingestion class
[ 2026-04-03 16:33:39,528 ] INFO - root - Exporting train and test file path.
[ 2026-04-03 16:33:39,584 ] INFO - root - Data ingestion completed, DataIngestionArtifact(trained_file_path='Artifacts\\04_03_2026_16_31_54\\data_ingestion\\ingested\\train.csv', test_file_path='Artifacts\\04_03_2026_16_31_54\\data_ingestion\\ingested\\test.csv')
[ 2026-04-03 16:33:39,590 ] INFO - root - Initiate the data validation
[ 2026-04-03 16:33:39,618 ] INFO - root - Required number of columns: 1
[ 2026-04-03 16:33:39,618 ] INFO - root - Data frame has columns:32
[ 2026-04-03 16:33:39,618 ] INFO - root - Required number of columns: 1
[ 2026-04-03 16:33:39,618 ] INFO - root - Data frame has columns:32
[ 2026-04-03 16:33:39,783 ] INFO - root - Entered initiate_data_transformation method of DataTransformation class
[ 2026-04-03 16:33:39,783 ] INFO - root - Starting data Transformation
[ 2026-04-03 16:33:39,800 ] INFO - root -  Entered get_data_transformer_object method of Transformation class
[ 2026-04-03 16:33:39,815 ] INFO - root - Entered the save_object method of mainutils class
[ 2026-04-03 16:33:39,818 ] INFO - root - Exited the save_object method of mainutils class 
[ 2026-04-03 16:33:39,818 ] INFO - root - Entered the save_object method of mainutils class
[ 2026-04-03 16:33:39,819 ] INFO - root - Exited the save_object method of mainutils class 
[ 2026-04-03 16:34:43,574 ] INFO - root - Entered the save_object method of mainutils class
[ 2026-04-03 16:34:43,613 ] INFO - root - Exited the save_object method of mainutils class 
[ 2026-04-03 16:34:43,613 ] INFO - root - Entered the save_object method of mainutils class
[ 2026-04-03 16:34:43,640 ] INFO - root - Exited the save_object method of mainutils class 
[ 2026-04-03 16:34:43,641 ] INFO - root - Model trainer artifact:ModelTrainerArtifact(trianed_model_file_path='Artifacts\\04_03_2026_16_31_54\\modle_trainer\\trained_model\\model.pkl', train_metric_artifact=ClassficationMetricArtifact(f1_score=1.0, precision_score=1.0, recall_score=1.0), test_metric_artifact=ClassficationMetricArtifact(f1_score=0.9695473251028807, precision_score=0.9663658736669402, recall_score=0.9727497935590421))
